# JRE version: OpenJDK Runtime Environment (11.0.15) (build 11.0.15+0-b2043.56-9505619)
# Java VM: OpenJDK 64-Bit Server VM (11.0.15+0-b2043.56-9505619, mixed mode, tiered, compressed oops, g1 gc, windows-amd64)
Heap:
 garbage-first heap   total 417792K, used 177499K [0x00000000a0000000, 0x0000000100000000)
  region size 1024K, 1 young (1024K), 1 survivors (1024K)
 Metaspace       used 145709K, capacity 150438K, committed 150736K, reserved 1181696K
  class space    used 17638K, capacity 19214K, committed 19328K, reserved 1048576K
GC Heap History (20 events):
Event: 335.086 GC heap after
{Heap after GC invocations=203 (full 0):
 garbage-first heap   total 294912K, used 186777K [0x00000000a0000000, 0x0000000100000000)
  region size 1024K, 8 young (8192K), 8 survivors (8192K)
 Metaspace       used 145574K, capacity 150360K, committed 150608K, reserved 1181696K
  class space    used 17618K, capacity 19187K, committed 19200K, reserved 1048576K
}
Event: 335.304 GC heap before
{Heap before GC invocations=203 (full 0):
 garbage-first heap   total 294912K, used 254361K [0x00000000a0000000, 0x0000000100000000)
  region size 1024K, 74 young (75776K), 8 survivors (8192K)
 Metaspace       used 145576K, capacity 150360K, committed 150608K, reserved 1181696K
  class space    used 17618K, capacity 19187K, committed 19200K, reserved 1048576K
}
Event: 335.314 GC heap after
{Heap after GC invocations=204 (full 0):
 garbage-first heap   total 294912K, used 187509K [0x00000000a0000000, 0x0000000100000000)
  region size 1024K, 4 young (4096K), 4 survivors (4096K)
 Metaspace       used 145576K, capacity 150360K, committed 150608K, reserved 1181696K
  class space    used 17618K, capacity 19187K, committed 19200K, reserved 1048576K
}
Event: 335.616 GC heap before
{Heap before GC invocations=204 (full 0):
 garbage-first heap   total 294912K, used 256117K [0x00000000a0000000, 0x0000000100000000)
  region size 1024K, 72 young (73728K), 4 survivors (4096K)
 Metaspace       used 145566K, capacity 150333K, committed 150608K, reserved 1181696K
  class space    used 17613K, capacity 19179K, committed 19200K, reserved 1048576K
}
Event: 335.621 GC heap after
{Heap after GC invocations=205 (full 0):
 garbage-first heap   total 294912K, used 186878K [0x00000000a0000000, 0x0000000100000000)
  region size 1024K, 5 young (5120K), 5 survivors (5120K)
 Metaspace       used 145566K, capacity 150333K, committed 150608K, reserved 1181696K
  class space    used 17613K, capacity 19179K, committed 19200K, reserved 1048576K
}
Event: 335.778 GC heap before
{Heap before GC invocations=206 (full 0):
 garbage-first heap   total 294912K, used 255486K [0x00000000a0000000, 0x0000000100000000)
  region size 1024K, 73 young (74752K), 5 survivors (5120K)
 Metaspace       used 145566K, capacity 150333K, committed 150608K, reserved 1181696K
  class space    used 17613K, capacity 19179K, committed 19200K, reserved 1048576K
}
Event: 335.782 GC heap after
{Heap after GC invocations=207 (full 0):
 garbage-first heap   total 294912K, used 187806K [0x00000000a0000000, 0x0000000100000000)
  region size 1024K, 5 young (5120K), 5 survivors (5120K)
 Metaspace       used 145566K, capacity 150333K, committed 150608K, reserved 1181696K
  class space    used 17613K, capacity 19179K, committed 19200K, reserved 1048576K
}
Event: 335.801 GC heap before
{Heap before GC invocations=207 (full 0):
 garbage-first heap   total 294912K, used 197022K [0x00000000a0000000, 0x0000000100000000)
  region size 1024K, 14 young (14336K), 5 survivors (5120K)
 Metaspace       used 145566K, capacity 150333K, committed 150608K, reserved 1181696K
  class space    used 17613K, capacity 19179K, committed 19200K, reserved 1048576K
}
Event: 335.849 GC heap after
{Heap after GC invocations=208 (full 0):
 garbage-first heap   total 294912K, used 181730K [0x00000000a0000000, 0x0000000100000000)
  region size 1024K, 2 young (2048K), 2 survivors (2048K)
 Metaspace       used 145566K, capacity 150333K, committed 150608K, reserved 1181696K
  class space    used 17613K, capacity 19179K, committed 19200K, reserved 1048576K
}
Event: 336.155 GC heap before
{Heap before GC invocations=208 (full 0):
 garbage-first heap   total 294912K, used 255458K [0x00000000a0000000, 0x0000000100000000)
  region size 1024K, 74 young (75776K), 2 survivors (2048K)
 Metaspace       used 145634K, capacity 150365K, committed 150736K, reserved 1181696K
  class space    used 17624K, capacity 19211K, committed 19328K, reserved 1048576K
}
Event: 336.160 GC heap after
{Heap after GC invocations=209 (full 0):
 garbage-first heap   total 294912K, used 181715K [0x00000000a0000000, 0x0000000100000000)
  region size 1024K, 2 young (2048K), 2 survivors (2048K)
 Metaspace       used 145634K, capacity 150365K, committed 150736K, reserved 1181696K
  class space    used 17624K, capacity 19211K, committed 19328K, reserved 1048576K
}
Event: 336.532 GC heap before
{Heap before GC invocations=209 (full 0):
 garbage-first heap   total 294912K, used 255443K [0x00000000a0000000, 0x0000000100000000)
  region size 1024K, 74 young (75776K), 2 survivors (2048K)
 Metaspace       used 145673K, capacity 150429K, committed 150736K, reserved 1181696K
  class space    used 17631K, capacity 19211K, committed 19328K, reserved 1048576K
}
Event: 336.536 GC heap after
{Heap after GC invocations=210 (full 0):
 garbage-first heap   total 294912K, used 183947K [0x00000000a0000000, 0x0000000100000000)
  region size 1024K, 4 young (4096K), 4 survivors (4096K)
 Metaspace       used 145673K, capacity 150429K, committed 150736K, reserved 1181696K
  class space    used 17631K, capacity 19211K, committed 19328K, reserved 1048576K
}
Event: 336.883 GC heap before
{Heap before GC invocations=210 (full 0):
 garbage-first heap   total 294912K, used 256651K [0x00000000a0000000, 0x0000000100000000)
  region size 1024K, 75 young (76800K), 4 survivors (4096K)
 Metaspace       used 145709K, capacity 150438K, committed 150736K, reserved 1181696K
  class space    used 17638K, capacity 19214K, committed 19328K, reserved 1048576K
}
Event: 336.892 GC heap after
{Heap after GC invocations=211 (full 0):
 garbage-first heap   total 294912K, used 185988K [0x00000000a0000000, 0x0000000100000000)
  region size 1024K, 6 young (6144K), 6 survivors (6144K)
 Metaspace       used 145709K, capacity 150438K, committed 150736K, reserved 1181696K
  class space    used 17638K, capacity 19214K, committed 19328K, reserved 1048576K
}
Event: 337.459 GC heap before
{Heap before GC invocations=211 (full 0):
 garbage-first heap   total 294912K, used 256644K [0x00000000a0000000, 0x0000000100000000)
  region size 1024K, 76 young (77824K), 6 survivors (6144K)
 Metaspace       used 145709K, capacity 150438K, committed 150736K, reserved 1181696K
  class space    used 17638K, capacity 19214K, committed 19328K, reserved 1048576K
}
Event: 337.468 GC heap after
{Heap after GC invocations=212 (full 0):
 garbage-first heap   total 294912K, used 187120K [0x00000000a0000000, 0x0000000100000000)
  region size 1024K, 7 young (7168K), 7 survivors (7168K)
 Metaspace       used 145709K, capacity 150438K, committed 150736K, reserved 1181696K
  class space    used 17638K, capacity 19214K, committed 19328K, reserved 1048576K
}
Event: 338.277 GC heap before
{Heap before GC invocations=213 (full 0):
 garbage-first heap   total 294912K, used 255728K [0x00000000a0000000, 0x0000000100000000)
  region size 1024K, 75 young (76800K), 7 survivors (7168K)
 Metaspace       used 145709K, capacity 150438K, committed 150736K, reserved 1181696K
  class space    used 17638K, capacity 19214K, committed 19328K, reserved 1048576K
}
Event: 338.299 GC heap after
{Heap after GC invocations=214 (full 0):
 garbage-first heap   total 294912K, used 187409K [0x00000000a0000000, 0x0000000100000000)
  region size 1024K, 5 young (5120K), 5 survivors (5120K)
 Metaspace       used 145709K, capacity 150438K, committed 150736K, reserved 1181696K
  class space    used 17638K, capacity 19214K, committed 19328K, reserved 1048576K
}
Event: 338.466 GC heap before
{Heap before GC invocations=214 (full 0):
 garbage-first heap   total 294912K, used 196625K [0x00000000a0000000, 0x0000000100000000)
  region size 1024K, 14 young (14336K), 5 survivors (5120K)
 Metaspace       used 145709K, capacity 150438K, committed 150736K, reserved 1181696K
  class space    used 17638K, capacity 19214K, committed 19328K, reserved 1048576K
}

